<?xml version="1.0" encoding="UTF-8"?>
<!-- Generated by org.testng.reporters.JUnitXMLReporter -->
<testsuite ignored="0" hostname="DESKTOP-S5MMF0I" failures="1" tests="1" name="TestOnEdge" time="24.569" errors="0" timestamp="2023-04-10T11:26:05 IST">
  <testcase classname="com.kotak.testCases.KotakHomePageTest1" name="TC01_ExplorePoduct" time="17.733">
    <failure type="org.openqa.selenium.ElementNotInteractableException" message="element not interactable
  (Session info: MicrosoftEdge=112.0.1722.34)
Build info: version: &amp;apos;4.8.0&amp;apos;, revision: &amp;apos;267030adea&amp;apos;
System info: os.name: &amp;apos;Windows 10&amp;apos;, os.arch: &amp;apos;amd64&amp;apos;, os.version: &amp;apos;10.0&amp;apos;, java.version: &amp;apos;17.0.5&amp;apos;
Driver info: org.openqa.selenium.edge.EdgeDriver
Command: [8712994dfa597dba33144ce9137788fe, clickElement {id=3a29f6f2-6ad2-4368-a5f5-393e3bd8e3b2}]
Capabilities {acceptInsecureCerts: false, browserName: msedge, browserVersion: 112.0.1722.34, ms:edgeOptions: {debuggerAddress: localhost:64151}, msedge: {msedgedriverVersion: 112.0.1722.34 (649b7446f96f..., userDataDir: C:\Users\RESHMA\AppData\Loc...}, networkConnectionEnabled: false, pageLoadStrategy: normal, platformName: WINDOWS, proxy: Proxy(), se:cdp: ws://localhost:64151/devtoo..., se:cdpVersion: 112.0.1722.34, setWindowRect: true, strictFileInteractability: false, timeouts: {implicit: 0, pageLoad: 300000, script: 30000}, unhandledPromptBehavior: dismiss and notify, webauthn:extension:credBlob: true, webauthn:extension:largeBlob: true, webauthn:extension:minPinLength: true, webauthn:extension:prf: true, webauthn:virtualAuthenticators: true}
Element: [[EdgeDriver: msedge on WINDOWS (8712994dfa597dba33144ce9137788fe)] -&amp;gt; xpath: //ul[@class=&amp;apos;tabs-list drop-tabs-list&amp;apos;]//li[4]]
Session ID: 8712994dfa597dba33144ce9137788fe">
      <![CDATA[org.openqa.selenium.ElementNotInteractableException: element not interactable
  (Session info: MicrosoftEdge=112.0.1722.34)
Build info: version: '4.8.0', revision: '267030adea'
System info: os.name: 'Windows 10', os.arch: 'amd64', os.version: '10.0', java.version: '17.0.5'
Driver info: org.openqa.selenium.edge.EdgeDriver
Command: [8712994dfa597dba33144ce9137788fe, clickElement {id=3a29f6f2-6ad2-4368-a5f5-393e3bd8e3b2}]
Capabilities {acceptInsecureCerts: false, browserName: msedge, browserVersion: 112.0.1722.34, ms:edgeOptions: {debuggerAddress: localhost:64151}, msedge: {msedgedriverVersion: 112.0.1722.34 (649b7446f96f..., userDataDir: C:\Users\RESHMA\AppData\Loc...}, networkConnectionEnabled: false, pageLoadStrategy: normal, platformName: WINDOWS, proxy: Proxy(), se:cdp: ws://localhost:64151/devtoo..., se:cdpVersion: 112.0.1722.34, setWindowRect: true, strictFileInteractability: false, timeouts: {implicit: 0, pageLoad: 300000, script: 30000}, unhandledPromptBehavior: dismiss and notify, webauthn:extension:credBlob: true, webauthn:extension:largeBlob: true, webauthn:extension:minPinLength: true, webauthn:extension:prf: true, webauthn:virtualAuthenticators: true}
Element: [[EdgeDriver: msedge on WINDOWS (8712994dfa597dba33144ce9137788fe)] -> xpath: //ul[@class='tabs-list drop-tabs-list']//li[4]]
Session ID: 8712994dfa597dba33144ce9137788fe
at org.openqa.selenium.remote.codec.w3c.W3CHttpResponseCodec.createException(W3CHttpResponseCodec.java:200)
at org.openqa.selenium.remote.codec.w3c.W3CHttpResponseCodec.decode(W3CHttpResponseCodec.java:133)
at org.openqa.selenium.remote.codec.w3c.W3CHttpResponseCodec.decode(W3CHttpResponseCodec.java:53)
at org.openqa.selenium.remote.HttpCommandExecutor.execute(HttpCommandExecutor.java:184)
at org.openqa.selenium.remote.service.DriverCommandExecutor.invokeExecute(DriverCommandExecutor.java:167)
at org.openqa.selenium.remote.service.DriverCommandExecutor.execute(DriverCommandExecutor.java:142)
at org.openqa.selenium.remote.RemoteWebDriver.execute(RemoteWebDriver.java:543)
at org.openqa.selenium.remote.RemoteWebElement.execute(RemoteWebElement.java:257)
at org.openqa.selenium.remote.RemoteWebElement.click(RemoteWebElement.java:78)
at org.openqa.selenium.support.pagefactory.internal.LocatingElementHandler.invoke(LocatingElementHandler.java:52)
at jdk.proxy2/jdk.proxy2.$Proxy15.click(Unknown Source)
at com.kotak.testCases.KotakHomePageTest1.TC01_ExplorePoduct(KotakHomePageTest1.java:30)
at java.base/java.util.ArrayList.forEach(ArrayList.java:1511)
... Removed 40 stack frames]]>
    </failure>
  </testcase> <!-- TC01_ExplorePoduct -->
</testsuite> <!-- TestOnEdge -->
